[main] INFO  com.flightbooking.automation.Pages.FlightBookingPage  - Test to select country name as India
[main] INFO  com.flightbooking.automation.Pages.FlightBookingPage  - Verify the user selects India
[main] INFO  com.flightbooking.automation.utils.Log4jUtils  - PASS:  Actual Result :: India ==  Expected Result :: India
[main] INFO  com.flightbooking.automation.Pages.OneWayTripPage  - One way is selected by default
[main] INFO  com.flightbooking.automation.Pages.FlightBookingPage  - Select departure city as Chennai
[main] INFO  com.flightbooking.automation.Pages.FlightBookingPage  - Select arrival city as Goa
[main] INFO  com.flightbooking.automation.Pages.FlightBookingPage  - Select a date on depart calender as 21
[main] INFO  com.flightbooking.automation.Pages.FlightBookingPage  - Verify the depart date is selected as 21
[main] INFO  com.flightbooking.automation.utils.Log4jUtils  - PASS:  Actual Result :: 21 ==  Expected Result :: 21
[main] INFO  com.flightbooking.automation.Pages.FlightBookingPage  - Select adult passenger count as 2
[main] INFO  com.flightbooking.automation.Pages.FlightBookingPage  - Verify the adult passenger count is selected as 2 Adult
[main] INFO  com.flightbooking.automation.utils.Log4jUtils  - PASS:  Actual Result :: 2 Adult ==  Expected Result :: 2 Adult
[main] INFO  com.flightbooking.automation.Pages.FlightBookingPage  - Select child passenger count as 1
[main] INFO  com.flightbooking.automation.Pages.FlightBookingPage  - Verify the child passenger count is selected as 1 Child
[main] INFO  com.flightbooking.automation.utils.Log4jUtils  - PASS:  Actual Result :: 1 Child ==  Expected Result :: 1 Child
[main] INFO  com.flightbooking.automation.Pages.FlightBookingPage  - Select infant passenger count as 2
[main] INFO  com.flightbooking.automation.Pages.FlightBookingPage  - Verify the infant passenger count is selected as 2 Infant
[main] INFO  com.flightbooking.automation.utils.Log4jUtils  - PASS:  Actual Result :: 2 Infant ==  Expected Result :: 2 Infant
[main] INFO  com.flightbooking.automation.Pages.FlightBookingPage  - Click on the done button
[main] INFO  com.flightbooking.automation.Pages.FlightBookingPage  - Verify clicking on done should close the dropdown 
[main] INFO  com.flightbooking.automation.Pages.FlightBookingPage  - Verify clicking on done should close the dropdown 
[main] INFO  com.flightbooking.automation.Pages.FlightBookingPage  - Select currency as AED
[main] INFO  com.flightbooking.automation.Pages.FlightBookingPage  - Click on the search button
[main] INFO  com.flightbooking.automation.Pages.FlightBookingPage  - Test to select country name as India
[main] INFO  com.flightbooking.automation.Pages.FlightBookingPage  - Verify the user selects India
[main] INFO  com.flightbooking.automation.utils.Log4jUtils  - PASS:  Actual Result :: India ==  Expected Result :: India
[main] INFO  com.flightbooking.automation.Pages.OneWayTripPage  - One way is selected by default
[main] INFO  com.flightbooking.automation.Pages.FlightBookingPage  - Select departure city as Madurai
[main] INFO  com.flightbooking.automation.Pages.FlightBookingPage  - Select arrival city as Tirupati
[main] INFO  com.flightbooking.automation.Pages.FlightBookingPage  - Select a date on depart calender as 21
[main] INFO  com.flightbooking.automation.Pages.FlightBookingPage  - Verify the depart date is selected as 21
[main] INFO  com.flightbooking.automation.utils.Log4jUtils  - PASS:  Actual Result :: 21 ==  Expected Result :: 21
[main] INFO  com.flightbooking.automation.Pages.FlightBookingPage  - Select adult passenger count as 2
[main] INFO  com.flightbooking.automation.Pages.FlightBookingPage  - Verify the adult passenger count is selected as 2 Adult
[main] INFO  com.flightbooking.automation.utils.Log4jUtils  - PASS:  Actual Result :: 2 Adult ==  Expected Result :: 2 Adult
[main] INFO  com.flightbooking.automation.Pages.FlightBookingPage  - Select child passenger count as 1
[main] INFO  com.flightbooking.automation.Pages.FlightBookingPage  - Verify the child passenger count is selected as 1 Child
[main] INFO  com.flightbooking.automation.utils.Log4jUtils  - PASS:  Actual Result :: 1 Child ==  Expected Result :: 1 Child
[main] INFO  com.flightbooking.automation.Pages.FlightBookingPage  - Select infant passenger count as 2
[main] INFO  com.flightbooking.automation.Pages.FlightBookingPage  - Verify the infant passenger count is selected as 2 Infant
[main] INFO  com.flightbooking.automation.utils.Log4jUtils  - PASS:  Actual Result :: 2 Infant ==  Expected Result :: 2 Infant
[main] INFO  com.flightbooking.automation.Pages.FlightBookingPage  - Click on the done button
[main] INFO  com.flightbooking.automation.Pages.FlightBookingPage  - Verify clicking on done should close the dropdown 
[main] INFO  com.flightbooking.automation.Pages.FlightBookingPage  - Verify clicking on done should close the dropdown 
[main] INFO  com.flightbooking.automation.Pages.FlightBookingPage  - Select currency as AED
[main] INFO  com.flightbooking.automation.Pages.FlightBookingPage  - Click on the search button
[main] INFO  com.flightbooking.automation.Pages.FlightBookingPage  - Test to select country name as India
[main] INFO  com.flightbooking.automation.Pages.FlightBookingPage  - Verify the user selects India
[main] INFO  com.flightbooking.automation.utils.Log4jUtils  - PASS:  Actual Result :: India ==  Expected Result :: India
[main] INFO  com.flightbooking.automation.Pages.OneWayTripPage  - One way is selected by default
[main] INFO  com.flightbooking.automation.Pages.FlightBookingPage  - Select departure city as Madurai
[main] INFO  com.flightbooking.automation.Pages.FlightBookingPage  - Select arrival city as Tirupati
[main] INFO  com.flightbooking.automation.Pages.FlightBookingPage  - Select a date on depart calender as 21
[main] INFO  com.flightbooking.automation.Pages.FlightBookingPage  - Verify the depart date is selected as 21
[main] INFO  com.flightbooking.automation.utils.Log4jUtils  - PASS:  Actual Result :: 21 ==  Expected Result :: 21
[main] INFO  com.flightbooking.automation.Pages.FlightBookingPage  - Select adult passenger count as 2
[main] INFO  com.flightbooking.automation.Pages.FlightBookingPage  - Verify the adult passenger count is selected as 2 Adult
[main] INFO  com.flightbooking.automation.utils.Log4jUtils  - PASS:  Actual Result :: 2 Adult ==  Expected Result :: 2 Adult
[main] INFO  com.flightbooking.automation.Pages.FlightBookingPage  - Select child passenger count as 1
[main] INFO  com.flightbooking.automation.Pages.FlightBookingPage  - Verify the child passenger count is selected as 1 Child
[main] INFO  com.flightbooking.automation.utils.Log4jUtils  - PASS:  Actual Result :: 1 Child ==  Expected Result :: 1 Child
[main] INFO  com.flightbooking.automation.Pages.FlightBookingPage  - Select infant passenger count as 2
[main] INFO  com.flightbooking.automation.Pages.FlightBookingPage  - Verify the infant passenger count is selected as 2 Infant
[main] INFO  com.flightbooking.automation.utils.Log4jUtils  - PASS:  Actual Result :: 2 Infant ==  Expected Result :: 2 Infant
[main] INFO  com.flightbooking.automation.Pages.FlightBookingPage  - Click on the done button
[main] INFO  com.flightbooking.automation.Pages.FlightBookingPage  - Verify clicking on done should close the dropdown 
[main] INFO  com.flightbooking.automation.Pages.FlightBookingPage  - Verify clicking on done should close the dropdown 
[main] INFO  com.flightbooking.automation.Pages.FlightBookingPage  - Select currency as AED
[main] INFO  com.flightbooking.automation.Pages.FlightBookingPage  - Click on the search button
[main] INFO  com.flightbooking.automation.Pages.FlightBookingPage  - Test to select country name as India
[main] INFO  com.flightbooking.automation.Pages.FlightBookingPage  - Verify the user selects India
[main] INFO  com.flightbooking.automation.utils.Log4jUtils  - PASS:  Actual Result :: India ==  Expected Result :: India
[main] INFO  com.flightbooking.automation.Pages.OneWayTripPage  - One way is selected by default
[main] INFO  com.flightbooking.automation.Pages.FlightBookingPage  - Select departure city as Madurai
[main] INFO  com.flightbooking.automation.Pages.FlightBookingPage  - Select arrival city as Tirupati
[main] INFO  com.flightbooking.automation.Pages.FlightBookingPage  - Select a date on depart calender as 21
[main] INFO  com.flightbooking.automation.Pages.FlightBookingPage  - Verify the depart date is selected as 21
[main] INFO  com.flightbooking.automation.utils.Log4jUtils  - PASS:  Actual Result :: 21 ==  Expected Result :: 21
[main] INFO  com.flightbooking.automation.Pages.FlightBookingPage  - Select adult passenger count as 2
[main] INFO  com.flightbooking.automation.Pages.FlightBookingPage  - Verify the adult passenger count is selected as 2 Adult
[main] INFO  com.flightbooking.automation.utils.Log4jUtils  - PASS:  Actual Result :: 2 Adult ==  Expected Result :: 2 Adult
[main] INFO  com.flightbooking.automation.Pages.FlightBookingPage  - Select child passenger count as 1
[main] INFO  com.flightbooking.automation.Pages.FlightBookingPage  - Verify the child passenger count is selected as 1 Child
[main] INFO  com.flightbooking.automation.utils.Log4jUtils  - PASS:  Actual Result :: 1 Child ==  Expected Result :: 1 Child
[main] INFO  com.flightbooking.automation.Pages.FlightBookingPage  - Select infant passenger count as 2
[main] INFO  com.flightbooking.automation.Pages.FlightBookingPage  - Verify the infant passenger count is selected as 2 Infant
[main] INFO  com.flightbooking.automation.utils.Log4jUtils  - PASS:  Actual Result :: 2 Infant ==  Expected Result :: 2 Infant
[main] INFO  com.flightbooking.automation.Pages.FlightBookingPage  - Click on the done button
[main] INFO  com.flightbooking.automation.Pages.FlightBookingPage  - Verify clicking on done should close the dropdown 
[main] INFO  com.flightbooking.automation.Pages.FlightBookingPage  - Verify clicking on done should close the dropdown 
[main] INFO  com.flightbooking.automation.Pages.FlightBookingPage  - Select currency as AED
[main] INFO  com.flightbooking.automation.Pages.FlightBookingPage  - Test to select country name as India
[main] INFO  com.flightbooking.automation.Pages.FlightBookingPage  - Verify the user selects India
[main] INFO  com.flightbooking.automation.utils.Log4jUtils  - PASS:  Actual Result :: India ==  Expected Result :: India
[main] INFO  com.flightbooking.automation.Pages.OneWayTripPage  - One way is selected by default
[main] INFO  com.flightbooking.automation.Pages.FlightBookingPage  - Select departure city as Madurai
[main] INFO  com.flightbooking.automation.Pages.FlightBookingPage  - Select arrival city as Tirupati
[main] INFO  com.flightbooking.automation.Pages.FlightBookingPage  - Select a date on depart calender as 21
[main] INFO  com.flightbooking.automation.Pages.FlightBookingPage  - Verify the depart date is selected as 21
[main] INFO  com.flightbooking.automation.utils.Log4jUtils  - PASS:  Actual Result :: 21 ==  Expected Result :: 21
[main] INFO  com.flightbooking.automation.Pages.FlightBookingPage  - Select adult passenger count as 2
[main] INFO  com.flightbooking.automation.Pages.FlightBookingPage  - Verify the adult passenger count is selected as 2 Adult
[main] INFO  com.flightbooking.automation.utils.Log4jUtils  - PASS:  Actual Result :: 2 Adult ==  Expected Result :: 2 Adult
[main] INFO  com.flightbooking.automation.Pages.FlightBookingPage  - Select child passenger count as 1
[main] INFO  com.flightbooking.automation.Pages.FlightBookingPage  - Verify the child passenger count is selected as 1 Child
[main] INFO  com.flightbooking.automation.utils.Log4jUtils  - PASS:  Actual Result :: 1 Child ==  Expected Result :: 1 Child
[main] INFO  com.flightbooking.automation.Pages.FlightBookingPage  - Select infant passenger count as 2
[main] INFO  com.flightbooking.automation.Pages.FlightBookingPage  - Verify the infant passenger count is selected as 2 Infant
[main] INFO  com.flightbooking.automation.utils.Log4jUtils  - PASS:  Actual Result :: 2 Infant ==  Expected Result :: 2 Infant
[main] INFO  com.flightbooking.automation.Pages.FlightBookingPage  - Click on the done button
[main] INFO  com.flightbooking.automation.Pages.FlightBookingPage  - Verify clicking on done should close the dropdown 
[main] INFO  com.flightbooking.automation.Pages.FlightBookingPage  - Verify clicking on done should close the dropdown 
[main] INFO  com.flightbooking.automation.Pages.FlightBookingPage  - Select currency as AED
[main] INFO  com.flightbooking.automation.Pages.FlightBookingPage  - Test to select country name as India
[main] INFO  com.flightbooking.automation.Pages.FlightBookingPage  - Verify the user selects India
[main] INFO  com.flightbooking.automation.utils.Log4jUtils  - PASS:  Actual Result :: India ==  Expected Result :: India
[main] INFO  com.flightbooking.automation.Pages.OneWayTripPage  - One way is selected by default
[main] INFO  com.flightbooking.automation.Pages.FlightBookingPage  - Select departure city as Madurai
[main] INFO  com.flightbooking.automation.Pages.FlightBookingPage  - Select arrival city as Tirupati
[main] INFO  com.flightbooking.automation.Pages.FlightBookingPage  - Select a date on depart calender as 21
[main] INFO  com.flightbooking.automation.Pages.FlightBookingPage  - Verify the depart date is selected as 21
[main] INFO  com.flightbooking.automation.utils.Log4jUtils  - PASS:  Actual Result :: 21 ==  Expected Result :: 21
[main] INFO  com.flightbooking.automation.Pages.FlightBookingPage  - Select adult passenger count as 2
[main] INFO  com.flightbooking.automation.Pages.FlightBookingPage  - Verify the adult passenger count is selected as 2 Adult
[main] INFO  com.flightbooking.automation.utils.Log4jUtils  - PASS:  Actual Result :: 2 Adult ==  Expected Result :: 2 Adult
[main] INFO  com.flightbooking.automation.Pages.FlightBookingPage  - Select child passenger count as 1
[main] INFO  com.flightbooking.automation.Pages.FlightBookingPage  - Verify the child passenger count is selected as 1 Child
[main] INFO  com.flightbooking.automation.utils.Log4jUtils  - PASS:  Actual Result :: 1 Child ==  Expected Result :: 1 Child
[main] INFO  com.flightbooking.automation.Pages.FlightBookingPage  - Select infant passenger count as 2
[main] INFO  com.flightbooking.automation.Pages.FlightBookingPage  - Verify the infant passenger count is selected as 2 Infant
[main] INFO  com.flightbooking.automation.utils.Log4jUtils  - PASS:  Actual Result :: 2 Infant ==  Expected Result :: 2 Infant
[main] INFO  com.flightbooking.automation.Pages.FlightBookingPage  - Click on the done button
[main] INFO  com.flightbooking.automation.Pages.FlightBookingPage  - Verify clicking on done should close the dropdown 
[main] INFO  com.flightbooking.automation.Pages.FlightBookingPage  - Verify clicking on done should close the dropdown 
[main] INFO  com.flightbooking.automation.Pages.FlightBookingPage  - Select currency as AED
[main] INFO  com.flightbooking.automation.Pages.FlightBookingPage  - Test to select country name as India
[main] INFO  com.flightbooking.automation.Pages.FlightBookingPage  - Verify the user selects India
[main] INFO  com.flightbooking.automation.utils.Log4jUtils  - PASS:  Actual Result :: India ==  Expected Result :: India
[main] INFO  com.flightbooking.automation.Pages.OneWayTripPage  - One way is selected by default
[main] INFO  com.flightbooking.automation.Pages.FlightBookingPage  - Select departure city as Madurai
[main] INFO  com.flightbooking.automation.Pages.FlightBookingPage  - Select arrival city as Tirupati
[main] INFO  com.flightbooking.automation.Pages.FlightBookingPage  - Select a date on depart calender as 21
[main] INFO  com.flightbooking.automation.Pages.FlightBookingPage  - Verify the depart date is selected as 21
[main] INFO  com.flightbooking.automation.utils.Log4jUtils  - PASS:  Actual Result :: 21 ==  Expected Result :: 21
[main] INFO  com.flightbooking.automation.Pages.FlightBookingPage  - Select adult passenger count as 2
[main] INFO  com.flightbooking.automation.Pages.FlightBookingPage  - Verify the adult passenger count is selected as 2 Adult
[main] INFO  com.flightbooking.automation.utils.Log4jUtils  - PASS:  Actual Result :: 2 Adult ==  Expected Result :: 2 Adult
[main] INFO  com.flightbooking.automation.Pages.FlightBookingPage  - Select child passenger count as 1
[main] INFO  com.flightbooking.automation.Pages.FlightBookingPage  - Verify the child passenger count is selected as 1 Child
[main] INFO  com.flightbooking.automation.utils.Log4jUtils  - PASS:  Actual Result :: 1 Child ==  Expected Result :: 1 Child
[main] INFO  com.flightbooking.automation.Pages.FlightBookingPage  - Select infant passenger count as 2
[main] INFO  com.flightbooking.automation.Pages.FlightBookingPage  - Verify the infant passenger count is selected as 2 Infant
[main] INFO  com.flightbooking.automation.utils.Log4jUtils  - PASS:  Actual Result :: 2 Infant ==  Expected Result :: 2 Infant
[main] INFO  com.flightbooking.automation.Pages.FlightBookingPage  - Click on the done button
[main] INFO  com.flightbooking.automation.Pages.FlightBookingPage  - Verify clicking on done should close the dropdown 
[main] INFO  com.flightbooking.automation.Pages.FlightBookingPage  - Verify clicking on done should close the dropdown 
[main] INFO  com.flightbooking.automation.Pages.FlightBookingPage  - Select currency as AED
[main] INFO  com.flightbooking.automation.Pages.FlightBookingPage  - Test to select country name as India
[main] INFO  com.flightbooking.automation.Pages.FlightBookingPage  - Verify the user selects India
[main] INFO  com.flightbooking.automation.utils.Log4jUtils  - PASS:  Actual Result :: India ==  Expected Result :: India
[main] INFO  com.flightbooking.automation.Pages.OneWayTripPage  - One way is selected by default
[main] INFO  com.flightbooking.automation.Pages.FlightBookingPage  - Select departure city as Madurai
[main] INFO  com.flightbooking.automation.Pages.FlightBookingPage  - Select arrival city as Tirupati
[main] INFO  com.flightbooking.automation.Pages.FlightBookingPage  - Select a date on depart calender as 21
[main] INFO  com.flightbooking.automation.Pages.FlightBookingPage  - Verify the depart date is selected as 21
[main] INFO  com.flightbooking.automation.utils.Log4jUtils  - PASS:  Actual Result :: 21 ==  Expected Result :: 21
[main] INFO  com.flightbooking.automation.Pages.FlightBookingPage  - Select adult passenger count as 2
[main] INFO  com.flightbooking.automation.Pages.FlightBookingPage  - Verify the adult passenger count is selected as 2 Adult
[main] INFO  com.flightbooking.automation.utils.Log4jUtils  - PASS:  Actual Result :: 2 Adult ==  Expected Result :: 2 Adult
[main] INFO  com.flightbooking.automation.Pages.FlightBookingPage  - Select child passenger count as 1
[main] INFO  com.flightbooking.automation.Pages.FlightBookingPage  - Verify the child passenger count is selected as 1 Child
[main] INFO  com.flightbooking.automation.utils.Log4jUtils  - PASS:  Actual Result :: 1 Child ==  Expected Result :: 1 Child
[main] INFO  com.flightbooking.automation.Pages.FlightBookingPage  - Select infant passenger count as 2
[main] INFO  com.flightbooking.automation.Pages.FlightBookingPage  - Verify the infant passenger count is selected as 2 Infant
[main] INFO  com.flightbooking.automation.utils.Log4jUtils  - PASS:  Actual Result :: 2 Infant ==  Expected Result :: 2 Infant
[main] INFO  com.flightbooking.automation.Pages.FlightBookingPage  - Click on the done button
[main] INFO  com.flightbooking.automation.Pages.FlightBookingPage  - Verify clicking on done should close the dropdown 
[main] INFO  com.flightbooking.automation.Pages.FlightBookingPage  - Verify clicking on done should close the dropdown 
[main] INFO  com.flightbooking.automation.Pages.FlightBookingPage  - Select currency as AED
[main] INFO  com.flightbooking.automation.Pages.FlightBookingPage  - Test to select country name as India
[main] INFO  com.flightbooking.automation.Pages.FlightBookingPage  - Verify the user selects India
[main] INFO  com.flightbooking.automation.utils.Log4jUtils  - PASS:  Actual Result :: India ==  Expected Result :: India
[main] INFO  com.flightbooking.automation.Pages.OneWayTripPage  - Check if One Way rout is selected by default, If yes move on to the next step
[main] INFO  com.flightbooking.automation.Pages.OneWayTripPage  - One way is selected by default
[main] INFO  com.flightbooking.automation.Pages.FlightBookingPage  - Select departure city as Madurai
[main] INFO  com.flightbooking.automation.Pages.FlightBookingPage  - Select arrival city as Tirupati
[main] INFO  com.flightbooking.automation.Pages.FlightBookingPage  - Select a date on depart calender as 21
[main] INFO  com.flightbooking.automation.Pages.FlightBookingPage  - Verify the depart date is selected as 21
[main] INFO  com.flightbooking.automation.utils.Log4jUtils  - PASS:  Actual Result :: 21 ==  Expected Result :: 21
[main] INFO  com.flightbooking.automation.Pages.FlightBookingPage  - Select adult passenger count as 2
[main] INFO  com.flightbooking.automation.Pages.FlightBookingPage  - Verify the adult passenger count is selected as 2 Adult
[main] INFO  com.flightbooking.automation.utils.Log4jUtils  - PASS:  Actual Result :: 2 Adult ==  Expected Result :: 2 Adult
[main] INFO  com.flightbooking.automation.Pages.FlightBookingPage  - Select child passenger count as 1
[main] INFO  com.flightbooking.automation.Pages.FlightBookingPage  - Verify the child passenger count is selected as 1 Child
[main] INFO  com.flightbooking.automation.utils.Log4jUtils  - PASS:  Actual Result :: 1 Child ==  Expected Result :: 1 Child
[main] INFO  com.flightbooking.automation.Pages.FlightBookingPage  - Select infant passenger count as 2
[main] INFO  com.flightbooking.automation.Pages.FlightBookingPage  - Verify the infant passenger count is selected as 2 Infant
[main] INFO  com.flightbooking.automation.utils.Log4jUtils  - PASS:  Actual Result :: 2 Infant ==  Expected Result :: 2 Infant
[main] INFO  com.flightbooking.automation.Pages.FlightBookingPage  - Click on the done button
[main] INFO  com.flightbooking.automation.Pages.FlightBookingPage  - Verify clicking on done should close the dropdown 
[main] INFO  com.flightbooking.automation.Pages.FlightBookingPage  - Verify clicking on done should close the dropdown 
[main] INFO  com.flightbooking.automation.Pages.FlightBookingPage  - Select currency as AED
[main] INFO  com.flightbooking.automation.Pages.FlightBookingPage  - Test to select country name as India
[main] INFO  com.flightbooking.automation.Pages.FlightBookingPage  - Verify the user selects India
[main] INFO  com.flightbooking.automation.utils.Log4jUtils  - PASS:  Actual Result :: India ==  Expected Result :: India
[main] INFO  com.flightbooking.automation.Pages.OneWayTripPage  - Check if One Way rout is selected by default, If yes move on to the next step
[main] INFO  com.flightbooking.automation.Pages.OneWayTripPage  - One way is selected by default
[main] INFO  com.flightbooking.automation.Pages.FlightBookingPage  - Select departure city as Madurai
[main] INFO  com.flightbooking.automation.Pages.FlightBookingPage  - Select arrival city as Tirupati
[main] INFO  com.flightbooking.automation.Pages.FlightBookingPage  - Select a date on depart calender as 21
[main] INFO  com.flightbooking.automation.Pages.FlightBookingPage  - Verify the depart date is selected as 21
[main] INFO  com.flightbooking.automation.utils.Log4jUtils  - PASS:  Actual Result :: 21 ==  Expected Result :: 21
[main] INFO  com.flightbooking.automation.Pages.FlightBookingPage  - Select adult passenger count as 2
[main] INFO  com.flightbooking.automation.Pages.FlightBookingPage  - Verify the adult passenger count is selected as 2 Adult
[main] INFO  com.flightbooking.automation.utils.Log4jUtils  - PASS:  Actual Result :: 2 Adult ==  Expected Result :: 2 Adult
[main] INFO  com.flightbooking.automation.Pages.FlightBookingPage  - Select child passenger count as 1
[main] INFO  com.flightbooking.automation.Pages.FlightBookingPage  - Verify the child passenger count is selected as 1 Child
[main] INFO  com.flightbooking.automation.utils.Log4jUtils  - PASS:  Actual Result :: 1 Child ==  Expected Result :: 1 Child
[main] INFO  com.flightbooking.automation.Pages.FlightBookingPage  - Select infant passenger count as 2
[main] INFO  com.flightbooking.automation.Pages.FlightBookingPage  - Verify the infant passenger count is selected as 2 Infant
[main] INFO  com.flightbooking.automation.utils.Log4jUtils  - PASS:  Actual Result :: 2 Infant ==  Expected Result :: 2 Infant
[main] INFO  com.flightbooking.automation.Pages.FlightBookingPage  - Click on the done button
[main] INFO  com.flightbooking.automation.Pages.FlightBookingPage  - Verify clicking on done should close the dropdown 
[main] INFO  com.flightbooking.automation.Pages.FlightBookingPage  - Verify clicking on done should close the dropdown 
[main] INFO  com.flightbooking.automation.Pages.FlightBookingPage  - Select currency as AED
[main] INFO  com.flightbooking.automation.Pages.FlightBookingPage  - Click on the search button
[main] INFO  com.flightbooking.automation.Pages.FlightBookingPage  - Test to select country name as India
[main] INFO  com.flightbooking.automation.Pages.FlightBookingPage  - Verify the user selects India
[main] INFO  com.flightbooking.automation.utils.Log4jUtils  - PASS:  Actual Result :: India ==  Expected Result :: India
[main] INFO  com.flightbooking.automation.Pages.OneWayTripPage  - Check if One Way rout is selected by default, If yes move on to the next step
[main] INFO  com.flightbooking.automation.Pages.OneWayTripPage  - One way is selected by default
[main] INFO  com.flightbooking.automation.Pages.FlightBookingPage  - Select departure city as Madurai
[main] INFO  com.flightbooking.automation.Pages.FlightBookingPage  - Select arrival city as Tirupati
[main] INFO  com.flightbooking.automation.Pages.FlightBookingPage  - Select a date on depart calender as 21
[main] INFO  com.flightbooking.automation.Pages.FlightBookingPage  - Verify the depart date is selected as 21
[main] INFO  com.flightbooking.automation.utils.Log4jUtils  - PASS:  Actual Result :: 21 ==  Expected Result :: 21
[main] INFO  com.flightbooking.automation.Pages.FlightBookingPage  - Select adult passenger count as 2
[main] INFO  com.flightbooking.automation.Pages.FlightBookingPage  - Verify the adult passenger count is selected as 2 Adult
[main] INFO  com.flightbooking.automation.utils.Log4jUtils  - PASS:  Actual Result :: 2 Adult ==  Expected Result :: 2 Adult
[main] INFO  com.flightbooking.automation.Pages.FlightBookingPage  - Select child passenger count as 1
[main] INFO  com.flightbooking.automation.Pages.FlightBookingPage  - Verify the child passenger count is selected as 1 Child
[main] INFO  com.flightbooking.automation.utils.Log4jUtils  - PASS:  Actual Result :: 1 Child ==  Expected Result :: 1 Child
[main] INFO  com.flightbooking.automation.Pages.FlightBookingPage  - Select infant passenger count as 2
[main] INFO  com.flightbooking.automation.Pages.FlightBookingPage  - Verify the infant passenger count is selected as 2 Infant
[main] INFO  com.flightbooking.automation.utils.Log4jUtils  - PASS:  Actual Result :: 2 Infant ==  Expected Result :: 2 Infant
[main] INFO  com.flightbooking.automation.Pages.FlightBookingPage  - Click on the done button
[main] INFO  com.flightbooking.automation.Pages.FlightBookingPage  - Verify clicking on done should close the dropdown 
[main] INFO  com.flightbooking.automation.Pages.FlightBookingPage  - Verify clicking on done should close the dropdown 
[main] INFO  com.flightbooking.automation.Pages.FlightBookingPage  - Select currency as AED
[main] INFO  com.flightbooking.automation.Pages.FlightBookingPage  - Click on the search button
[main] INFO  com.flightbooking.automation.Pages.FlightBookingPage  - Test to select country name as India
[main] INFO  com.flightbooking.automation.Pages.FlightBookingPage  - Verify the user selects India
[main] INFO  com.flightbooking.automation.utils.Log4jUtils  - PASS:  Actual Result :: India ==  Expected Result :: India
[main] INFO  com.flightbooking.automation.Pages.OneWayTripPage  - Check if One Way rout is selected by default, If yes move on to the next step
[main] INFO  com.flightbooking.automation.Pages.OneWayTripPage  - One way is selected by default
[main] INFO  com.flightbooking.automation.Pages.FlightBookingPage  - Select departure city as Madurai
[main] INFO  com.flightbooking.automation.Pages.FlightBookingPage  - Select arrival city as Tirupati
[main] INFO  com.flightbooking.automation.Pages.FlightBookingPage  - Select a date on depart calender as 21
[main] INFO  com.flightbooking.automation.Pages.FlightBookingPage  - Verify the depart date is selected as 21
[main] INFO  com.flightbooking.automation.utils.Log4jUtils  - PASS:  Actual Result :: 21 ==  Expected Result :: 21
[main] INFO  com.flightbooking.automation.Pages.FlightBookingPage  - Select adult passenger count as 2
[main] INFO  com.flightbooking.automation.Pages.FlightBookingPage  - Verify the adult passenger count is selected as 2 Adult
[main] INFO  com.flightbooking.automation.utils.Log4jUtils  - PASS:  Actual Result :: 2 Adult ==  Expected Result :: 2 Adult
[main] INFO  com.flightbooking.automation.Pages.FlightBookingPage  - Select child passenger count as 1
[main] INFO  com.flightbooking.automation.Pages.FlightBookingPage  - Verify the child passenger count is selected as 1 Child
[main] INFO  com.flightbooking.automation.utils.Log4jUtils  - PASS:  Actual Result :: 1 Child ==  Expected Result :: 1 Child
[main] INFO  com.flightbooking.automation.Pages.FlightBookingPage  - Select infant passenger count as 2
[main] INFO  com.flightbooking.automation.Pages.FlightBookingPage  - Verify the infant passenger count is selected as 2 Infant
[main] INFO  com.flightbooking.automation.utils.Log4jUtils  - PASS:  Actual Result :: 2 Infant ==  Expected Result :: 2 Infant
[main] INFO  com.flightbooking.automation.Pages.FlightBookingPage  - Click on the done button
[main] INFO  com.flightbooking.automation.Pages.FlightBookingPage  - Verify clicking on done should close the dropdown 
[main] INFO  com.flightbooking.automation.Pages.FlightBookingPage  - Verify clicking on done should close the dropdown 
[main] INFO  com.flightbooking.automation.Pages.FlightBookingPage  - Select currency as AED
[main] INFO  com.flightbooking.automation.Pages.FlightBookingPage  - Click on the search button
[main] INFO  com.flightbooking.automation.Pages.FlightBookingPage  - Test to select country name as India
[main] INFO  com.flightbooking.automation.Pages.FlightBookingPage  - Verify the user selects India
[main] INFO  com.flightbooking.automation.utils.Log4jUtils  - PASS:  Actual Result :: India ==  Expected Result :: India
[main] INFO  com.flightbooking.automation.Pages.OneWayTripPage  - Check if One Way rout is selected by default, If yes move on to the next step
[main] INFO  com.flightbooking.automation.Pages.OneWayTripPage  - One way is selected by default
[main] INFO  com.flightbooking.automation.Pages.FlightBookingPage  - Select departure city as Madurai
[main] INFO  com.flightbooking.automation.Pages.FlightBookingPage  - Select arrival city as Tirupati
[main] INFO  com.flightbooking.automation.Pages.FlightBookingPage  - Select a date on depart calender as 21
[main] INFO  com.flightbooking.automation.Pages.FlightBookingPage  - Verify the depart date is selected as 21
[main] INFO  com.flightbooking.automation.utils.Log4jUtils  - PASS:  Actual Result :: 21 ==  Expected Result :: 21
[main] INFO  com.flightbooking.automation.Pages.FlightBookingPage  - Select adult passenger count as 2
[main] INFO  com.flightbooking.automation.Pages.FlightBookingPage  - Verify the adult passenger count is selected as 2 Adult
[main] INFO  com.flightbooking.automation.utils.Log4jUtils  - PASS:  Actual Result :: 2 Adult ==  Expected Result :: 2 Adult
[main] INFO  com.flightbooking.automation.Pages.FlightBookingPage  - Select child passenger count as 1
[main] INFO  com.flightbooking.automation.Pages.FlightBookingPage  - Verify the child passenger count is selected as 1 Child
[main] INFO  com.flightbooking.automation.utils.Log4jUtils  - PASS:  Actual Result :: 1 Child ==  Expected Result :: 1 Child
[main] INFO  com.flightbooking.automation.Pages.FlightBookingPage  - Select infant passenger count as 2
[main] INFO  com.flightbooking.automation.Pages.FlightBookingPage  - Verify the infant passenger count is selected as 2 Infant
[main] INFO  com.flightbooking.automation.utils.Log4jUtils  - PASS:  Actual Result :: 2 Infant ==  Expected Result :: 2 Infant
[main] INFO  com.flightbooking.automation.Pages.FlightBookingPage  - Click on the done button
[main] INFO  com.flightbooking.automation.Pages.FlightBookingPage  - Verify clicking on done should close the dropdown 
[main] INFO  com.flightbooking.automation.Pages.FlightBookingPage  - Verify clicking on done should close the dropdown 
[main] INFO  com.flightbooking.automation.Pages.FlightBookingPage  - Select currency as AED
[main] INFO  com.flightbooking.automation.Pages.FlightBookingPage  - Click on the search button
[main] INFO  com.flightbooking.automation.Pages.FlightBookingPage  - Test to select country name as India
[main] INFO  com.flightbooking.automation.Pages.FlightBookingPage  - Verify the user selects India
[main] INFO  com.flightbooking.automation.utils.Log4jUtils  - PASS:  Actual Result :: India ==  Expected Result :: India
[main] INFO  com.flightbooking.automation.Pages.OneWayTripPage  - Check if One Way rout is selected by default, If yes move on to the next step
[main] INFO  com.flightbooking.automation.Pages.OneWayTripPage  - One way is selected by default
[main] INFO  com.flightbooking.automation.Pages.FlightBookingPage  - Select departure city as Madurai
[main] INFO  com.flightbooking.automation.Pages.FlightBookingPage  - Select arrival city as Tirupati
[main] INFO  com.flightbooking.automation.Pages.FlightBookingPage  - Select a date on depart calender as 21
[main] INFO  com.flightbooking.automation.Pages.FlightBookingPage  - Verify the depart date is selected as 21
[main] INFO  com.flightbooking.automation.utils.Log4jUtils  - PASS:  Actual Result :: 21 ==  Expected Result :: 21
[main] INFO  com.flightbooking.automation.Pages.FlightBookingPage  - Select adult passenger count as 2
[main] INFO  com.flightbooking.automation.Pages.FlightBookingPage  - Verify the adult passenger count is selected as 2 Adult
[main] INFO  com.flightbooking.automation.utils.Log4jUtils  - PASS:  Actual Result :: 2 Adult ==  Expected Result :: 2 Adult
[main] INFO  com.flightbooking.automation.Pages.FlightBookingPage  - Select child passenger count as 1
[main] INFO  com.flightbooking.automation.Pages.FlightBookingPage  - Verify the child passenger count is selected as 1 Child
[main] INFO  com.flightbooking.automation.utils.Log4jUtils  - PASS:  Actual Result :: 1 Child ==  Expected Result :: 1 Child
[main] INFO  com.flightbooking.automation.Pages.FlightBookingPage  - Select infant passenger count as 2
[main] INFO  com.flightbooking.automation.Pages.FlightBookingPage  - Verify the infant passenger count is selected as 2 Infant
[main] INFO  com.flightbooking.automation.utils.Log4jUtils  - PASS:  Actual Result :: 2 Infant ==  Expected Result :: 2 Infant
[main] INFO  com.flightbooking.automation.Pages.FlightBookingPage  - Click on the done button
[main] INFO  com.flightbooking.automation.Pages.FlightBookingPage  - Verify clicking on done should close the dropdown 
[main] INFO  com.flightbooking.automation.Pages.FlightBookingPage  - Verify clicking on done should close the dropdown 
[main] INFO  com.flightbooking.automation.Pages.FlightBookingPage  - Select currency as AED
[main] INFO  com.flightbooking.automation.Pages.FlightBookingPage  - Click on the search button
[main] INFO  com.flightbooking.automation.Pages.FlightBookingPage  - Test to select country name as India
[main] INFO  com.flightbooking.automation.Pages.FlightBookingPage  - Verify the user selects India
[main] INFO  com.flightbooking.automation.utils.Log4jUtils  - PASS:  Actual Result :: India ==  Expected Result :: India
[main] INFO  com.flightbooking.automation.Pages.OneWayTripPage  - Check if One Way rout is selected by default, If yes move on to the next step
[main] INFO  com.flightbooking.automation.Pages.OneWayTripPage  - One way is selected by default
[main] INFO  com.flightbooking.automation.Pages.FlightBookingPage  - Select departure city as Madurai
[main] INFO  com.flightbooking.automation.Pages.FlightBookingPage  - Select arrival city as Tirupati
[main] INFO  com.flightbooking.automation.Pages.FlightBookingPage  - Select a date on depart calender as 21
[main] INFO  com.flightbooking.automation.Pages.FlightBookingPage  - Verify the depart date is selected as 21
[main] INFO  com.flightbooking.automation.utils.Log4jUtils  - PASS:  Actual Result :: 21 ==  Expected Result :: 21
[main] INFO  com.flightbooking.automation.Pages.FlightBookingPage  - Select adult passenger count as 2
[main] INFO  com.flightbooking.automation.Pages.FlightBookingPage  - Verify the adult passenger count is selected as 2 Adult
[main] INFO  com.flightbooking.automation.utils.Log4jUtils  - PASS:  Actual Result :: 2 Adult ==  Expected Result :: 2 Adult
[main] INFO  com.flightbooking.automation.Pages.FlightBookingPage  - Select child passenger count as 1
[main] INFO  com.flightbooking.automation.Pages.FlightBookingPage  - Verify the child passenger count is selected as 1 Child
[main] INFO  com.flightbooking.automation.utils.Log4jUtils  - PASS:  Actual Result :: 1 Child ==  Expected Result :: 1 Child
[main] INFO  com.flightbooking.automation.Pages.FlightBookingPage  - Select infant passenger count as 2
[main] INFO  com.flightbooking.automation.Pages.FlightBookingPage  - Verify the infant passenger count is selected as 2 Infant
[main] INFO  com.flightbooking.automation.utils.Log4jUtils  - PASS:  Actual Result :: 2 Infant ==  Expected Result :: 2 Infant
[main] INFO  com.flightbooking.automation.Pages.FlightBookingPage  - Click on the done button
[main] INFO  com.flightbooking.automation.Pages.FlightBookingPage  - Verify clicking on done should close the dropdown 
[main] INFO  com.flightbooking.automation.Pages.FlightBookingPage  - Verify clicking on done should close the dropdown 
[main] INFO  com.flightbooking.automation.Pages.FlightBookingPage  - Select currency as AED
[main] INFO  com.flightbooking.automation.Pages.FlightBookingPage  - Click on the search button
[main] INFO  com.flightbooking.automation.Pages.FlightBookingPage  - Test to select country name as India
[main] INFO  com.flightbooking.automation.Pages.FlightBookingPage  - Verify the user selects India
[main] INFO  com.flightbooking.automation.utils.Log4jUtils  - PASS:  Actual Result :: India ==  Expected Result :: India
[main] INFO  com.flightbooking.automation.Pages.OneWayTripPage  - Check if One Way rout is selected by default, If yes move on to the next step
[main] INFO  com.flightbooking.automation.Pages.OneWayTripPage  - One way is selected by default
[main] INFO  com.flightbooking.automation.Pages.FlightBookingPage  - Select departure city as Madurai
[main] INFO  com.flightbooking.automation.Pages.FlightBookingPage  - Select arrival city as Tirupati
[main] INFO  com.flightbooking.automation.Pages.FlightBookingPage  - Select a date on depart calender as 21
[main] INFO  com.flightbooking.automation.Pages.FlightBookingPage  - Verify the depart date is selected as 21
[main] INFO  com.flightbooking.automation.utils.Log4jUtils  - PASS:  Actual Result :: 21 ==  Expected Result :: 21
[main] INFO  com.flightbooking.automation.Pages.FlightBookingPage  - Select adult passenger count as 2
[main] INFO  com.flightbooking.automation.Pages.FlightBookingPage  - Verify the adult passenger count is selected as 2 Adult
[main] INFO  com.flightbooking.automation.utils.Log4jUtils  - PASS:  Actual Result :: 2 Adult ==  Expected Result :: 2 Adult
[main] INFO  com.flightbooking.automation.Pages.FlightBookingPage  - Select child passenger count as 1
[main] INFO  com.flightbooking.automation.Pages.FlightBookingPage  - Verify the child passenger count is selected as 1 Child
[main] INFO  com.flightbooking.automation.utils.Log4jUtils  - PASS:  Actual Result :: 1 Child ==  Expected Result :: 1 Child
[main] INFO  com.flightbooking.automation.Pages.FlightBookingPage  - Select infant passenger count as 2
[main] INFO  com.flightbooking.automation.Pages.FlightBookingPage  - Verify the infant passenger count is selected as 2 Infant
[main] INFO  com.flightbooking.automation.utils.Log4jUtils  - PASS:  Actual Result :: 2 Infant ==  Expected Result :: 2 Infant
[main] INFO  com.flightbooking.automation.Pages.FlightBookingPage  - Click on the done button
[main] INFO  com.flightbooking.automation.Pages.FlightBookingPage  - Verify clicking on done should close the dropdown 
[main] INFO  com.flightbooking.automation.Pages.FlightBookingPage  - Verify clicking on done should close the dropdown 
[main] INFO  com.flightbooking.automation.Pages.FlightBookingPage  - Select currency as AED
[main] INFO  com.flightbooking.automation.Pages.FlightBookingPage  - Test to select country name as India
[main] INFO  com.flightbooking.automation.Pages.FlightBookingPage  - Verify the user selects India
[main] INFO  com.flightbooking.automation.utils.Log4jUtils  - PASS:  Actual Result :: India ==  Expected Result :: India
[main] INFO  com.flightbooking.automation.Pages.OneWayTripPage  - Check if One Way rout is selected by default, If yes move on to the next step
[main] INFO  com.flightbooking.automation.Pages.OneWayTripPage  - One way is selected by default
[main] INFO  com.flightbooking.automation.Pages.FlightBookingPage  - Select departure city as Madurai
[main] INFO  com.flightbooking.automation.Pages.FlightBookingPage  - Select arrival city as Tirupati
[main] INFO  com.flightbooking.automation.Pages.FlightBookingPage  - Select a date on depart calender as 21
[main] INFO  com.flightbooking.automation.Pages.FlightBookingPage  - Verify the depart date is selected as 21
[main] INFO  com.flightbooking.automation.utils.Log4jUtils  - PASS:  Actual Result :: 21 ==  Expected Result :: 21
[main] INFO  com.flightbooking.automation.Pages.FlightBookingPage  - Select adult passenger count as 2
[main] INFO  com.flightbooking.automation.Pages.FlightBookingPage  - Verify the adult passenger count is selected as 2 Adult
[main] INFO  com.flightbooking.automation.utils.Log4jUtils  - PASS:  Actual Result :: 2 Adult ==  Expected Result :: 2 Adult
[main] INFO  com.flightbooking.automation.Pages.FlightBookingPage  - Select child passenger count as 1
[main] INFO  com.flightbooking.automation.Pages.FlightBookingPage  - Verify the child passenger count is selected as 1 Child
[main] INFO  com.flightbooking.automation.utils.Log4jUtils  - PASS:  Actual Result :: 1 Child ==  Expected Result :: 1 Child
[main] INFO  com.flightbooking.automation.Pages.FlightBookingPage  - Select infant passenger count as 2
[main] INFO  com.flightbooking.automation.Pages.FlightBookingPage  - Verify the infant passenger count is selected as 2 Infant
[main] INFO  com.flightbooking.automation.utils.Log4jUtils  - PASS:  Actual Result :: 2 Infant ==  Expected Result :: 2 Infant
[main] INFO  com.flightbooking.automation.Pages.FlightBookingPage  - Click on the done button
[main] INFO  com.flightbooking.automation.Pages.FlightBookingPage  - Verify clicking on done should close the dropdown 
[main] INFO  com.flightbooking.automation.Pages.FlightBookingPage  - Verify clicking on done should close the dropdown 
[main] INFO  com.flightbooking.automation.Pages.FlightBookingPage  - Select currency as AED
[main] INFO  com.flightbooking.automation.Pages.FlightBookingPage  - Click on the search button
[main] INFO  com.flightbooking.automation.Pages.FlightBookingPage  - Test to select country name as India
[main] INFO  com.flightbooking.automation.Pages.FlightBookingPage  - Verify the user selects India
[main] INFO  com.flightbooking.automation.utils.Log4jUtils  - PASS:  Actual Result :: India ==  Expected Result :: India
[main] INFO  com.flightbooking.automation.Pages.OneWayTripPage  - Check if One Way rout is selected by default, If yes move on to the next step
[main] INFO  com.flightbooking.automation.Pages.OneWayTripPage  - One way is selected by default
[main] INFO  com.flightbooking.automation.Pages.FlightBookingPage  - Select departure city as Madurai
[main] INFO  com.flightbooking.automation.Pages.FlightBookingPage  - Select arrival city as Tirupati
[main] INFO  com.flightbooking.automation.Pages.FlightBookingPage  - Select a date on depart calender as 21
[main] INFO  com.flightbooking.automation.Pages.FlightBookingPage  - Verify the depart date is selected as 21
[main] INFO  com.flightbooking.automation.utils.Log4jUtils  - PASS:  Actual Result :: 21 ==  Expected Result :: 21
[main] INFO  com.flightbooking.automation.Pages.FlightBookingPage  - Select adult passenger count as 2
[main] INFO  com.flightbooking.automation.Pages.FlightBookingPage  - Verify the adult passenger count is selected as 2 Adult
[main] INFO  com.flightbooking.automation.utils.Log4jUtils  - PASS:  Actual Result :: 2 Adult ==  Expected Result :: 2 Adult
[main] INFO  com.flightbooking.automation.Pages.FlightBookingPage  - Select child passenger count as 1
[main] INFO  com.flightbooking.automation.Pages.FlightBookingPage  - Verify the child passenger count is selected as 1 Child
[main] INFO  com.flightbooking.automation.utils.Log4jUtils  - PASS:  Actual Result :: 1 Child ==  Expected Result :: 1 Child
[main] INFO  com.flightbooking.automation.Pages.FlightBookingPage  - Select infant passenger count as 2
[main] INFO  com.flightbooking.automation.Pages.FlightBookingPage  - Verify the infant passenger count is selected as 2 Infant
[main] INFO  com.flightbooking.automation.utils.Log4jUtils  - PASS:  Actual Result :: 2 Infant ==  Expected Result :: 2 Infant
[main] INFO  com.flightbooking.automation.Pages.FlightBookingPage  - Click on the done button
[main] INFO  com.flightbooking.automation.Pages.FlightBookingPage  - Verify clicking on done should close the dropdown 
[main] INFO  com.flightbooking.automation.Pages.FlightBookingPage  - Verify clicking on done should close the dropdown 
[main] INFO  com.flightbooking.automation.Pages.FlightBookingPage  - Select currency as AED
[main] INFO  com.flightbooking.automation.Pages.FlightBookingPage  - Click on the search button
[main] INFO  com.flightbooking.automation.Pages.FlightBookingPage  - Test to select country name as India
[main] INFO  com.flightbooking.automation.Pages.FlightBookingPage  - Verify the user selects India
[main] INFO  com.flightbooking.automation.utils.Log4jUtils  - PASS:  Actual Result :: India ==  Expected Result :: India
[main] INFO  com.flightbooking.automation.Pages.OneWayTripPage  - Check if One Way rout is selected by default, If yes move on to the next step
[main] INFO  com.flightbooking.automation.Pages.OneWayTripPage  - One way is selected by default
[main] INFO  com.flightbooking.automation.Pages.FlightBookingPage  - Select departure city as Madurai
[main] INFO  com.flightbooking.automation.Pages.FlightBookingPage  - Select arrival city as Tirupati
[main] INFO  com.flightbooking.automation.Pages.FlightBookingPage  - Select a date on depart calender as 21
[main] INFO  com.flightbooking.automation.Pages.FlightBookingPage  - Verify the depart date is selected as 21
[main] INFO  com.flightbooking.automation.utils.Log4jUtils  - PASS:  Actual Result :: 21 ==  Expected Result :: 21
[main] INFO  com.flightbooking.automation.Pages.FlightBookingPage  - Select adult passenger count as 2
[main] INFO  com.flightbooking.automation.Pages.FlightBookingPage  - Verify the adult passenger count is selected as 2 Adult
[main] INFO  com.flightbooking.automation.utils.Log4jUtils  - PASS:  Actual Result :: 2 Adult ==  Expected Result :: 2 Adult
[main] INFO  com.flightbooking.automation.Pages.FlightBookingPage  - Select child passenger count as 1
[main] INFO  com.flightbooking.automation.Pages.FlightBookingPage  - Verify the child passenger count is selected as 1 Child
[main] INFO  com.flightbooking.automation.utils.Log4jUtils  - PASS:  Actual Result :: 1 Child ==  Expected Result :: 1 Child
[main] INFO  com.flightbooking.automation.Pages.FlightBookingPage  - Select infant passenger count as 2
[main] INFO  com.flightbooking.automation.Pages.FlightBookingPage  - Verify the infant passenger count is selected as 2 Infant
[main] INFO  com.flightbooking.automation.utils.Log4jUtils  - PASS:  Actual Result :: 2 Infant ==  Expected Result :: 2 Infant
[main] INFO  com.flightbooking.automation.Pages.FlightBookingPage  - Click on the done button
[main] INFO  com.flightbooking.automation.Pages.FlightBookingPage  - Verify clicking on done should close the dropdown 
[main] INFO  com.flightbooking.automation.Pages.FlightBookingPage  - Verify clicking on done should close the dropdown 
[main] INFO  com.flightbooking.automation.Pages.FlightBookingPage  - Select currency as AED
[main] INFO  com.flightbooking.automation.Pages.FlightBookingPage  - Click on the search button
[main] INFO  com.flightbooking.automation.Pages.FlightBookingPage  - Test to select country name as India
[main] INFO  com.flightbooking.automation.Pages.FlightBookingPage  - Verify the user selects India
[main] INFO  com.flightbooking.automation.utils.Log4jUtils  - PASS:  Actual Result :: India ==  Expected Result :: India
[main] INFO  com.flightbooking.automation.Pages.OneWayTripPage  - Check if One Way rout is selected by default, If yes move on to the next step
[main] INFO  com.flightbooking.automation.Pages.OneWayTripPage  - One way is selected by default
[main] INFO  com.flightbooking.automation.Pages.FlightBookingPage  - Select departure city as Madurai
[main] INFO  com.flightbooking.automation.Pages.FlightBookingPage  - Select arrival city as Tirupati
[main] INFO  com.flightbooking.automation.Pages.FlightBookingPage  - Select a date on depart calender as 21
[main] INFO  com.flightbooking.automation.Pages.FlightBookingPage  - Verify the depart date is selected as 21
[main] INFO  com.flightbooking.automation.utils.Log4jUtils  - PASS:  Actual Result :: 21 ==  Expected Result :: 21
[main] INFO  com.flightbooking.automation.Pages.FlightBookingPage  - Select adult passenger count as 2
[main] INFO  com.flightbooking.automation.Pages.FlightBookingPage  - Verify the adult passenger count is selected as 2 Adult
[main] INFO  com.flightbooking.automation.utils.Log4jUtils  - PASS:  Actual Result :: 2 Adult ==  Expected Result :: 2 Adult
[main] INFO  com.flightbooking.automation.Pages.FlightBookingPage  - Select child passenger count as 1
[main] INFO  com.flightbooking.automation.Pages.FlightBookingPage  - Verify the child passenger count is selected as 1 Child
[main] INFO  com.flightbooking.automation.utils.Log4jUtils  - PASS:  Actual Result :: 1 Child ==  Expected Result :: 1 Child
[main] INFO  com.flightbooking.automation.Pages.FlightBookingPage  - Select infant passenger count as 2
[main] INFO  com.flightbooking.automation.Pages.FlightBookingPage  - Verify the infant passenger count is selected as 2 Infant
[main] INFO  com.flightbooking.automation.utils.Log4jUtils  - PASS:  Actual Result :: 2 Infant ==  Expected Result :: 2 Infant
[main] INFO  com.flightbooking.automation.Pages.FlightBookingPage  - Click on the done button
[main] INFO  com.flightbooking.automation.Pages.FlightBookingPage  - Verify clicking on done should close the dropdown 
[main] INFO  com.flightbooking.automation.Pages.FlightBookingPage  - Verify clicking on done should close the dropdown 
[main] INFO  com.flightbooking.automation.Pages.FlightBookingPage  - Select currency as AED
[main] INFO  com.flightbooking.automation.Pages.FlightBookingPage  - Click on the search button
[main] INFO  com.flightbooking.automation.Pages.FlightBookingPage  - Test to select country name as India
[main] INFO  com.flightbooking.automation.Pages.FlightBookingPage  - Verify the user selects India
[main] INFO  com.flightbooking.automation.utils.Log4jUtils  - PASS:  Actual Result :: India ==  Expected Result :: India
[main] INFO  com.flightbooking.automation.Pages.OneWayTripPage  - Check if One Way rout is selected by default, If yes move on to the next step
[main] INFO  com.flightbooking.automation.Pages.OneWayTripPage  - One way is selected by default
[main] INFO  com.flightbooking.automation.Pages.FlightBookingPage  - Select departure city as Madurai
[main] INFO  com.flightbooking.automation.Pages.FlightBookingPage  - Select arrival city as Tirupati
[main] INFO  com.flightbooking.automation.Pages.FlightBookingPage  - Select a date on depart calender as 21
[main] INFO  com.flightbooking.automation.Pages.FlightBookingPage  - Verify the depart date is selected as 21
[main] INFO  com.flightbooking.automation.utils.Log4jUtils  - PASS:  Actual Result :: 21 ==  Expected Result :: 21
[main] INFO  com.flightbooking.automation.Pages.FlightBookingPage  - Select adult passenger count as 2
[main] INFO  com.flightbooking.automation.Pages.FlightBookingPage  - Verify the adult passenger count is selected as 2 Adult
[main] INFO  com.flightbooking.automation.utils.Log4jUtils  - PASS:  Actual Result :: 2 Adult ==  Expected Result :: 2 Adult
[main] INFO  com.flightbooking.automation.Pages.FlightBookingPage  - Select child passenger count as 1
[main] INFO  com.flightbooking.automation.Pages.FlightBookingPage  - Verify the child passenger count is selected as 1 Child
[main] INFO  com.flightbooking.automation.utils.Log4jUtils  - PASS:  Actual Result :: 1 Child ==  Expected Result :: 1 Child
[main] INFO  com.flightbooking.automation.Pages.FlightBookingPage  - Select infant passenger count as 2
[main] INFO  com.flightbooking.automation.Pages.FlightBookingPage  - Verify the infant passenger count is selected as 2 Infant
[main] INFO  com.flightbooking.automation.utils.Log4jUtils  - PASS:  Actual Result :: 2 Infant ==  Expected Result :: 2 Infant
[main] INFO  com.flightbooking.automation.Pages.FlightBookingPage  - Click on the done button
[main] INFO  com.flightbooking.automation.Pages.FlightBookingPage  - Verify clicking on done should close the dropdown 
[main] INFO  com.flightbooking.automation.Pages.FlightBookingPage  - Verify clicking on done should close the dropdown 
[main] INFO  com.flightbooking.automation.Pages.FlightBookingPage  - Select currency as AED
[main] INFO  com.flightbooking.automation.Pages.FlightBookingPage  - Click on the search button
[main] INFO  com.flightbooking.automation.Pages.FlightBookingPage  - Test to select country name as India
[main] INFO  com.flightbooking.automation.Pages.FlightBookingPage  - Verify the user selects India
[main] INFO  com.flightbooking.automation.utils.Log4jUtils  - PASS:  Actual Result :: India ==  Expected Result :: India
[main] INFO  com.flightbooking.automation.Pages.OneWayTripPage  - Check if One Way rout is selected by default, If yes move on to the next step
[main] INFO  com.flightbooking.automation.Pages.OneWayTripPage  - One way is selected by default
[main] INFO  com.flightbooking.automation.Pages.FlightBookingPage  - Select departure city as Madurai
[main] INFO  com.flightbooking.automation.Pages.FlightBookingPage  - Select arrival city as Tirupati
[main] INFO  com.flightbooking.automation.Pages.FlightBookingPage  - Select a date on depart calender as 21
[main] INFO  com.flightbooking.automation.Pages.FlightBookingPage  - Verify the depart date is selected as 21
[main] INFO  com.flightbooking.automation.utils.Log4jUtils  - PASS:  Actual Result :: 21 ==  Expected Result :: 21
[main] INFO  com.flightbooking.automation.Pages.FlightBookingPage  - Select adult passenger count as 2
[main] INFO  com.flightbooking.automation.Pages.FlightBookingPage  - Verify the adult passenger count is selected as 2 Adult
[main] INFO  com.flightbooking.automation.utils.Log4jUtils  - PASS:  Actual Result :: 2 Adult ==  Expected Result :: 2 Adult
[main] INFO  com.flightbooking.automation.Pages.FlightBookingPage  - Select child passenger count as 1
[main] INFO  com.flightbooking.automation.Pages.FlightBookingPage  - Verify the child passenger count is selected as 1 Child
[main] INFO  com.flightbooking.automation.utils.Log4jUtils  - PASS:  Actual Result :: 1 Child ==  Expected Result :: 1 Child
[main] INFO  com.flightbooking.automation.Pages.FlightBookingPage  - Select infant passenger count as 2
[main] INFO  com.flightbooking.automation.Pages.FlightBookingPage  - Verify the infant passenger count is selected as 2 Infant
[main] INFO  com.flightbooking.automation.utils.Log4jUtils  - PASS:  Actual Result :: 2 Infant ==  Expected Result :: 2 Infant
[main] INFO  com.flightbooking.automation.Pages.FlightBookingPage  - Click on the done button
[main] INFO  com.flightbooking.automation.Pages.FlightBookingPage  - Verify clicking on done should close the dropdown 
[main] INFO  com.flightbooking.automation.Pages.FlightBookingPage  - Verify clicking on done should close the dropdown 
[main] INFO  com.flightbooking.automation.Pages.FlightBookingPage  - Select currency as AED
[main] INFO  com.flightbooking.automation.Pages.FlightBookingPage  - Click on the search button
[main] INFO  com.flightbooking.automation.Pages.FlightBookingPage  - Test to select country name as India
[main] INFO  com.flightbooking.automation.Pages.FlightBookingPage  - Verify the user selects India
[main] INFO  com.flightbooking.automation.utils.Log4jUtils  - PASS:  Actual Result :: India ==  Expected Result :: India
[main] INFO  com.flightbooking.automation.Pages.OneWayTripPage  - Check if One Way rout is selected by default, If yes move on to the next step
[main] INFO  com.flightbooking.automation.Pages.OneWayTripPage  - One way is selected by default
[main] INFO  com.flightbooking.automation.Pages.FlightBookingPage  - Select departure city as Madurai
[main] INFO  com.flightbooking.automation.Pages.FlightBookingPage  - Select arrival city as Tirupati
[main] INFO  com.flightbooking.automation.Pages.FlightBookingPage  - Select a date on depart calender as 21
[main] INFO  com.flightbooking.automation.Pages.FlightBookingPage  - Verify the depart date is selected as 21
[main] INFO  com.flightbooking.automation.utils.Log4jUtils  - PASS:  Actual Result :: 21 ==  Expected Result :: 21
[main] INFO  com.flightbooking.automation.Pages.FlightBookingPage  - Select adult passenger count as 2
[main] INFO  com.flightbooking.automation.Pages.FlightBookingPage  - Verify the adult passenger count is selected as 2 Adult
[main] INFO  com.flightbooking.automation.utils.Log4jUtils  - PASS:  Actual Result :: 2 Adult ==  Expected Result :: 2 Adult
[main] INFO  com.flightbooking.automation.Pages.FlightBookingPage  - Select child passenger count as 1
[main] INFO  com.flightbooking.automation.Pages.FlightBookingPage  - Verify the child passenger count is selected as 1 Child
[main] INFO  com.flightbooking.automation.utils.Log4jUtils  - PASS:  Actual Result :: 1 Child ==  Expected Result :: 1 Child
[main] INFO  com.flightbooking.automation.Pages.FlightBookingPage  - Select infant passenger count as 2
[main] INFO  com.flightbooking.automation.Pages.FlightBookingPage  - Verify the infant passenger count is selected as 2 Infant
[main] INFO  com.flightbooking.automation.utils.Log4jUtils  - PASS:  Actual Result :: 2 Infant ==  Expected Result :: 2 Infant
[main] INFO  com.flightbooking.automation.Pages.FlightBookingPage  - Click on the done button
[main] INFO  com.flightbooking.automation.Pages.FlightBookingPage  - Verify clicking on done should close the dropdown 
[main] INFO  com.flightbooking.automation.Pages.FlightBookingPage  - Verify clicking on done should close the dropdown 
[main] INFO  com.flightbooking.automation.Pages.FlightBookingPage  - Select currency as AED
[main] INFO  com.flightbooking.automation.Pages.FlightBookingPage  - Click on the search button
[main] INFO  com.flightbooking.automation.Pages.FlightBookingPage  - Test to select country name as India
[main] INFO  com.flightbooking.automation.Pages.FlightBookingPage  - Verify the user selects India
[main] INFO  com.flightbooking.automation.utils.Log4jUtils  - PASS:  Actual Result :: India ==  Expected Result :: India
[main] INFO  com.flightbooking.automation.Pages.OneWayTripPage  - Check if One Way rout is selected by default, If yes move on to the next step
[main] INFO  com.flightbooking.automation.Pages.OneWayTripPage  - One way is selected by default
[main] INFO  com.flightbooking.automation.Pages.FlightBookingPage  - Select departure city as Madurai
[main] INFO  com.flightbooking.automation.Pages.FlightBookingPage  - Select arrival city as Tirupati
[main] INFO  com.flightbooking.automation.Pages.FlightBookingPage  - Select a date on depart calender as 21
[main] INFO  com.flightbooking.automation.Pages.FlightBookingPage  - Verify the depart date is selected as 21
[main] INFO  com.flightbooking.automation.utils.Log4jUtils  - PASS:  Actual Result :: 21 ==  Expected Result :: 21
[main] INFO  com.flightbooking.automation.Pages.FlightBookingPage  - Select adult passenger count as 2
[main] INFO  com.flightbooking.automation.Pages.FlightBookingPage  - Verify the adult passenger count is selected as 2 Adult
[main] INFO  com.flightbooking.automation.utils.Log4jUtils  - PASS:  Actual Result :: 2 Adult ==  Expected Result :: 2 Adult
[main] INFO  com.flightbooking.automation.Pages.FlightBookingPage  - Select child passenger count as 1
[main] INFO  com.flightbooking.automation.Pages.FlightBookingPage  - Verify the child passenger count is selected as 1 Child
[main] INFO  com.flightbooking.automation.utils.Log4jUtils  - PASS:  Actual Result :: 1 Child ==  Expected Result :: 1 Child
[main] INFO  com.flightbooking.automation.Pages.FlightBookingPage  - Select infant passenger count as 2
[main] INFO  com.flightbooking.automation.Pages.FlightBookingPage  - Verify the infant passenger count is selected as 2 Infant
[main] INFO  com.flightbooking.automation.utils.Log4jUtils  - PASS:  Actual Result :: 2 Infant ==  Expected Result :: 2 Infant
[main] INFO  com.flightbooking.automation.Pages.FlightBookingPage  - Click on the done button
[main] INFO  com.flightbooking.automation.Pages.FlightBookingPage  - Verify clicking on done should close the dropdown 
[main] INFO  com.flightbooking.automation.Pages.FlightBookingPage  - Verify clicking on done should close the dropdown 
[main] INFO  com.flightbooking.automation.Pages.FlightBookingPage  - Select currency as AED
[main] INFO  com.flightbooking.automation.Pages.FlightBookingPage  - Test to select country name as India
[main] INFO  com.flightbooking.automation.Pages.FlightBookingPage  - Verify the user selects India
[main] INFO  com.flightbooking.automation.utils.Log4jUtils  - PASS:  Actual Result :: India ==  Expected Result :: India
[main] INFO  com.flightbooking.automation.Pages.OneWayTripPage  - Check if One Way rout is selected by default, If yes move on to the next step
[main] INFO  com.flightbooking.automation.Pages.OneWayTripPage  - One way is selected by default
[main] INFO  com.flightbooking.automation.Pages.FlightBookingPage  - Select departure city as Madurai
[main] INFO  com.flightbooking.automation.Pages.FlightBookingPage  - Select arrival city as Tirupati
[main] INFO  com.flightbooking.automation.Pages.FlightBookingPage  - Select a date on depart calender as 21
[main] INFO  com.flightbooking.automation.Pages.FlightBookingPage  - Verify the depart date is selected as 21
[main] INFO  com.flightbooking.automation.utils.Log4jUtils  - PASS:  Actual Result :: 21 ==  Expected Result :: 21
[main] INFO  com.flightbooking.automation.Pages.FlightBookingPage  - Select adult passenger count as 2
[main] INFO  com.flightbooking.automation.Pages.FlightBookingPage  - Verify the adult passenger count is selected as 2 Adult
[main] INFO  com.flightbooking.automation.utils.Log4jUtils  - PASS:  Actual Result :: 2 Adult ==  Expected Result :: 2 Adult
[main] INFO  com.flightbooking.automation.Pages.FlightBookingPage  - Select child passenger count as 1
[main] INFO  com.flightbooking.automation.Pages.FlightBookingPage  - Verify the child passenger count is selected as 1 Child
[main] INFO  com.flightbooking.automation.utils.Log4jUtils  - PASS:  Actual Result :: 1 Child ==  Expected Result :: 1 Child
[main] INFO  com.flightbooking.automation.Pages.FlightBookingPage  - Select infant passenger count as 2
[main] INFO  com.flightbooking.automation.Pages.FlightBookingPage  - Verify the infant passenger count is selected as 2 Infant
[main] INFO  com.flightbooking.automation.utils.Log4jUtils  - PASS:  Actual Result :: 2 Infant ==  Expected Result :: 2 Infant
[main] INFO  com.flightbooking.automation.Pages.FlightBookingPage  - Click on the done button
[main] INFO  com.flightbooking.automation.Pages.FlightBookingPage  - Verify clicking on done should close the dropdown 
[main] INFO  com.flightbooking.automation.Pages.FlightBookingPage  - Verify clicking on done should close the dropdown 
[main] INFO  com.flightbooking.automation.Pages.FlightBookingPage  - Select currency as AED
[main] INFO  com.flightbooking.automation.Pages.FlightBookingPage  - Click on the search button
[main] INFO  com.flightbooking.automation.Pages.FlightBookingPage  - Test to select country name as India
[main] INFO  com.flightbooking.automation.Pages.FlightBookingPage  - Verify the user selects India
[main] INFO  com.flightbooking.automation.utils.Log4jUtils  - PASS:  Actual Result :: India ==  Expected Result :: India
[main] INFO  com.flightbooking.automation.Pages.OneWayTripPage  - Check if One Way rout is selected by default, If yes move on to the next step
[main] INFO  com.flightbooking.automation.Pages.OneWayTripPage  - One way is selected by default
[main] INFO  com.flightbooking.automation.Pages.FlightBookingPage  - Select departure city as Madurai
[main] INFO  com.flightbooking.automation.Pages.FlightBookingPage  - Select arrival city as Tirupati
[main] INFO  com.flightbooking.automation.Pages.FlightBookingPage  - Select a date on depart calender as 21
[main] INFO  com.flightbooking.automation.Pages.FlightBookingPage  - Verify the depart date is selected as 21
[main] INFO  com.flightbooking.automation.utils.Log4jUtils  - PASS:  Actual Result :: 21 ==  Expected Result :: 21
[main] INFO  com.flightbooking.automation.Pages.FlightBookingPage  - Select adult passenger count as 2
[main] INFO  com.flightbooking.automation.Pages.FlightBookingPage  - Verify the adult passenger count is selected as 2 Adult
[main] INFO  com.flightbooking.automation.utils.Log4jUtils  - PASS:  Actual Result :: 2 Adult ==  Expected Result :: 2 Adult
[main] INFO  com.flightbooking.automation.Pages.FlightBookingPage  - Select child passenger count as 1
[main] INFO  com.flightbooking.automation.Pages.FlightBookingPage  - Verify the child passenger count is selected as 1 Child
[main] INFO  com.flightbooking.automation.utils.Log4jUtils  - PASS:  Actual Result :: 1 Child ==  Expected Result :: 1 Child
[main] INFO  com.flightbooking.automation.Pages.FlightBookingPage  - Select infant passenger count as 2
[main] INFO  com.flightbooking.automation.Pages.FlightBookingPage  - Verify the infant passenger count is selected as 2 Infant
[main] INFO  com.flightbooking.automation.utils.Log4jUtils  - PASS:  Actual Result :: 2 Infant ==  Expected Result :: 2 Infant
[main] INFO  com.flightbooking.automation.Pages.FlightBookingPage  - Click on the done button
[main] INFO  com.flightbooking.automation.Pages.FlightBookingPage  - Verify clicking on done should close the dropdown 
[main] INFO  com.flightbooking.automation.Pages.FlightBookingPage  - Verify clicking on done should close the dropdown 
[main] INFO  com.flightbooking.automation.Pages.FlightBookingPage  - Select currency as AED
[main] INFO  com.flightbooking.automation.Pages.FlightBookingPage  - Test to select country name as India
[main] INFO  com.flightbooking.automation.Pages.FlightBookingPage  - Verify the user selects India
[main] INFO  com.flightbooking.automation.utils.Log4jUtils  - PASS:  Actual Result :: India ==  Expected Result :: India
[main] INFO  com.flightbooking.automation.Pages.OneWayTripPage  - Check if One Way rout is selected by default, If yes move on to the next step
[main] INFO  com.flightbooking.automation.Pages.OneWayTripPage  - One way is selected by default
[main] INFO  com.flightbooking.automation.Pages.FlightBookingPage  - Select departure city as Madurai
[main] INFO  com.flightbooking.automation.Pages.FlightBookingPage  - Select arrival city as Tirupati
[main] INFO  com.flightbooking.automation.Pages.FlightBookingPage  - Select a date on depart calender as 21
[main] INFO  com.flightbooking.automation.Pages.FlightBookingPage  - Verify the depart date is selected as 21
[main] INFO  com.flightbooking.automation.utils.Log4jUtils  - PASS:  Actual Result :: 21 ==  Expected Result :: 21
[main] INFO  com.flightbooking.automation.Pages.FlightBookingPage  - Select adult passenger count as 2
[main] INFO  com.flightbooking.automation.Pages.FlightBookingPage  - Verify the adult passenger count is selected as 2 Adult
[main] INFO  com.flightbooking.automation.utils.Log4jUtils  - PASS:  Actual Result :: 2 Adult ==  Expected Result :: 2 Adult
[main] INFO  com.flightbooking.automation.Pages.FlightBookingPage  - Select child passenger count as 1
[main] INFO  com.flightbooking.automation.Pages.FlightBookingPage  - Verify the child passenger count is selected as 1 Child
[main] INFO  com.flightbooking.automation.utils.Log4jUtils  - PASS:  Actual Result :: 1 Child ==  Expected Result :: 1 Child
[main] INFO  com.flightbooking.automation.Pages.FlightBookingPage  - Select infant passenger count as 2
[main] INFO  com.flightbooking.automation.Pages.FlightBookingPage  - Verify the infant passenger count is selected as 2 Infant
[main] INFO  com.flightbooking.automation.utils.Log4jUtils  - PASS:  Actual Result :: 2 Infant ==  Expected Result :: 2 Infant
[main] INFO  com.flightbooking.automation.Pages.FlightBookingPage  - Click on the done button
[main] INFO  com.flightbooking.automation.Pages.FlightBookingPage  - Verify clicking on done should close the dropdown 
[main] INFO  com.flightbooking.automation.Pages.FlightBookingPage  - Verify clicking on done should close the dropdown 
[main] INFO  com.flightbooking.automation.Pages.FlightBookingPage  - Select currency as AED
[main] INFO  com.flightbooking.automation.Pages.FlightBookingPage  - Click on the search button
[main] INFO  com.flightbooking.automation.Pages.FlightBookingPage  - Test to select country name as India
[main] INFO  com.flightbooking.automation.Pages.FlightBookingPage  - Verify the user selects India
[main] INFO  com.flightbooking.automation.utils.Log4jUtils  - PASS:  Actual Result :: India ==  Expected Result :: India
[main] INFO  com.flightbooking.automation.Pages.OneWayTripPage  - Check if One Way rout is selected by default, If yes move on to the next step
[main] INFO  com.flightbooking.automation.Pages.OneWayTripPage  - One way is selected by default
[main] INFO  com.flightbooking.automation.Pages.FlightBookingPage  - Select departure city as Madurai
[main] INFO  com.flightbooking.automation.Pages.FlightBookingPage  - Select arrival city as Tirupati
[main] INFO  com.flightbooking.automation.Pages.FlightBookingPage  - Select a date on depart calender as 21
[main] INFO  com.flightbooking.automation.Pages.FlightBookingPage  - Verify the depart date is selected as 21
[main] INFO  com.flightbooking.automation.utils.Log4jUtils  - PASS:  Actual Result :: 21 ==  Expected Result :: 21
[main] INFO  com.flightbooking.automation.Pages.FlightBookingPage  - Select adult passenger count as 2
[main] INFO  com.flightbooking.automation.Pages.FlightBookingPage  - Verify the adult passenger count is selected as 2 Adult
[main] INFO  com.flightbooking.automation.utils.Log4jUtils  - PASS:  Actual Result :: 2 Adult ==  Expected Result :: 2 Adult
[main] INFO  com.flightbooking.automation.Pages.FlightBookingPage  - Select child passenger count as 1
[main] INFO  com.flightbooking.automation.Pages.FlightBookingPage  - Verify the child passenger count is selected as 1 Child
[main] INFO  com.flightbooking.automation.utils.Log4jUtils  - PASS:  Actual Result :: 1 Child ==  Expected Result :: 1 Child
[main] INFO  com.flightbooking.automation.Pages.FlightBookingPage  - Select infant passenger count as 2
[main] INFO  com.flightbooking.automation.Pages.FlightBookingPage  - Verify the infant passenger count is selected as 2 Infant
[main] INFO  com.flightbooking.automation.utils.Log4jUtils  - PASS:  Actual Result :: 2 Infant ==  Expected Result :: 2 Infant
[main] INFO  com.flightbooking.automation.Pages.FlightBookingPage  - Click on the done button
[main] INFO  com.flightbooking.automation.Pages.FlightBookingPage  - Verify clicking on done should close the dropdown 
[main] INFO  com.flightbooking.automation.Pages.FlightBookingPage  - Verify clicking on done should close the dropdown 
[main] INFO  com.flightbooking.automation.Pages.FlightBookingPage  - Select currency as AED
[main] INFO  com.flightbooking.automation.Pages.FlightBookingPage  - Test to select country name as India
[main] INFO  com.flightbooking.automation.Pages.FlightBookingPage  - Verify the user selects India
[main] INFO  com.flightbooking.automation.utils.Log4jUtils  - PASS:  Actual Result :: India ==  Expected Result :: India
[main] INFO  com.flightbooking.automation.Pages.OneWayTripPage  - Check if One Way rout is selected by default, If yes move on to the next step
[main] INFO  com.flightbooking.automation.Pages.OneWayTripPage  - One way is selected by default
[main] INFO  com.flightbooking.automation.Pages.FlightBookingPage  - Select departure city as Madurai
[main] INFO  com.flightbooking.automation.Pages.FlightBookingPage  - Select arrival city as Tirupati
[main] INFO  com.flightbooking.automation.Pages.FlightBookingPage  - Select a date on depart calender as 21
[main] INFO  com.flightbooking.automation.Pages.FlightBookingPage  - Verify the depart date is selected as 21
[main] INFO  com.flightbooking.automation.utils.Log4jUtils  - PASS:  Actual Result :: 21 ==  Expected Result :: 21
[main] INFO  com.flightbooking.automation.Pages.FlightBookingPage  - Select adult passenger count as 2
[main] INFO  com.flightbooking.automation.Pages.FlightBookingPage  - Verify the adult passenger count is selected as 2 Adult
[main] INFO  com.flightbooking.automation.utils.Log4jUtils  - PASS:  Actual Result :: 2 Adult ==  Expected Result :: 2 Adult
[main] INFO  com.flightbooking.automation.Pages.FlightBookingPage  - Select child passenger count as 1
[main] INFO  com.flightbooking.automation.Pages.FlightBookingPage  - Verify the child passenger count is selected as 1 Child
[main] INFO  com.flightbooking.automation.utils.Log4jUtils  - PASS:  Actual Result :: 1 Child ==  Expected Result :: 1 Child
[main] INFO  com.flightbooking.automation.Pages.FlightBookingPage  - Select infant passenger count as 2
[main] INFO  com.flightbooking.automation.Pages.FlightBookingPage  - Verify the infant passenger count is selected as 2 Infant
[main] INFO  com.flightbooking.automation.utils.Log4jUtils  - PASS:  Actual Result :: 2 Infant ==  Expected Result :: 2 Infant
[main] INFO  com.flightbooking.automation.Pages.FlightBookingPage  - Click on the done button
[main] INFO  com.flightbooking.automation.Pages.FlightBookingPage  - Verify clicking on done should close the dropdown 
[main] INFO  com.flightbooking.automation.Pages.FlightBookingPage  - Verify clicking on done should close the dropdown 
[main] INFO  com.flightbooking.automation.Pages.FlightBookingPage  - Select currency as AED
[main] INFO  com.flightbooking.automation.Pages.FlightBookingPage  - Test to select country name as India
[main] INFO  com.flightbooking.automation.Pages.FlightBookingPage  - Verify the user selects India
[main] INFO  com.flightbooking.automation.utils.Log4jUtils  - PASS:  Actual Result :: India ==  Expected Result :: India
[main] INFO  com.flightbooking.automation.Pages.OneWayTripPage  - Check if One Way rout is selected by default, If yes move on to the next step
[main] INFO  com.flightbooking.automation.Pages.OneWayTripPage  - One way is selected by default
[main] INFO  com.flightbooking.automation.Pages.FlightBookingPage  - Select departure city as Madurai
[main] INFO  com.flightbooking.automation.Pages.FlightBookingPage  - Select arrival city as Tirupati
[main] INFO  com.flightbooking.automation.Pages.FlightBookingPage  - Select a date on depart calender as 21
[main] INFO  com.flightbooking.automation.Pages.FlightBookingPage  - Verify the depart date is selected as 21
[main] INFO  com.flightbooking.automation.utils.Log4jUtils  - PASS:  Actual Result :: 21 ==  Expected Result :: 21
[main] INFO  com.flightbooking.automation.Pages.FlightBookingPage  - Select adult passenger count as 2
[main] INFO  com.flightbooking.automation.Pages.FlightBookingPage  - Verify the adult passenger count is selected as 2 Adult
[main] INFO  com.flightbooking.automation.utils.Log4jUtils  - PASS:  Actual Result :: 2 Adult ==  Expected Result :: 2 Adult
[main] INFO  com.flightbooking.automation.Pages.FlightBookingPage  - Select child passenger count as 1
[main] INFO  com.flightbooking.automation.Pages.FlightBookingPage  - Verify the child passenger count is selected as 1 Child
[main] INFO  com.flightbooking.automation.utils.Log4jUtils  - PASS:  Actual Result :: 1 Child ==  Expected Result :: 1 Child
[main] INFO  com.flightbooking.automation.Pages.FlightBookingPage  - Select infant passenger count as 2
[main] INFO  com.flightbooking.automation.Pages.FlightBookingPage  - Verify the infant passenger count is selected as 2 Infant
[main] INFO  com.flightbooking.automation.utils.Log4jUtils  - PASS:  Actual Result :: 2 Infant ==  Expected Result :: 2 Infant
[main] INFO  com.flightbooking.automation.Pages.FlightBookingPage  - Click on the done button
[main] INFO  com.flightbooking.automation.Pages.FlightBookingPage  - Verify clicking on done should close the dropdown 
[main] INFO  com.flightbooking.automation.Pages.FlightBookingPage  - Verify clicking on done should close the dropdown 
[main] INFO  com.flightbooking.automation.Pages.FlightBookingPage  - Select currency as AED
[main] INFO  com.flightbooking.automation.Pages.FlightBookingPage  - Test to select country name as India
[main] INFO  com.flightbooking.automation.Pages.FlightBookingPage  - Verify the user selects India
[main] INFO  com.flightbooking.automation.utils.Log4jUtils  - PASS:  Actual Result :: India ==  Expected Result :: India
[main] INFO  com.flightbooking.automation.Pages.OneWayTripPage  - Check if One Way rout is selected by default, If yes move on to the next step
[main] INFO  com.flightbooking.automation.Pages.OneWayTripPage  - One way is selected by default
[main] INFO  com.flightbooking.automation.Pages.FlightBookingPage  - Select departure city as Madurai
[main] INFO  com.flightbooking.automation.Pages.FlightBookingPage  - Select arrival city as Tirupati
[main] INFO  com.flightbooking.automation.Pages.FlightBookingPage  - Select a date on depart calender as 21
[main] INFO  com.flightbooking.automation.Pages.FlightBookingPage  - Verify the depart date is selected as 21
[main] INFO  com.flightbooking.automation.utils.Log4jUtils  - PASS:  Actual Result :: 21 ==  Expected Result :: 21
[main] INFO  com.flightbooking.automation.Pages.FlightBookingPage  - Select adult passenger count as 2
[main] INFO  com.flightbooking.automation.Pages.FlightBookingPage  - Verify the adult passenger count is selected as 2 Adult
[main] INFO  com.flightbooking.automation.utils.Log4jUtils  - PASS:  Actual Result :: 2 Adult ==  Expected Result :: 2 Adult
[main] INFO  com.flightbooking.automation.Pages.FlightBookingPage  - Select child passenger count as 1
[main] INFO  com.flightbooking.automation.Pages.FlightBookingPage  - Verify the child passenger count is selected as 1 Child
[main] INFO  com.flightbooking.automation.utils.Log4jUtils  - PASS:  Actual Result :: 1 Child ==  Expected Result :: 1 Child
[main] INFO  com.flightbooking.automation.Pages.FlightBookingPage  - Select infant passenger count as 2
[main] INFO  com.flightbooking.automation.Pages.FlightBookingPage  - Verify the infant passenger count is selected as 2 Infant
[main] INFO  com.flightbooking.automation.utils.Log4jUtils  - PASS:  Actual Result :: 2 Infant ==  Expected Result :: 2 Infant
[main] INFO  com.flightbooking.automation.Pages.FlightBookingPage  - Click on the done button
[main] INFO  com.flightbooking.automation.Pages.FlightBookingPage  - Verify clicking on done should close the dropdown 
[main] INFO  com.flightbooking.automation.Pages.FlightBookingPage  - Verify clicking on done should close the dropdown 
[main] INFO  com.flightbooking.automation.Pages.FlightBookingPage  - Select currency as AED
[main] INFO  com.flightbooking.automation.Pages.FlightBookingPage  - Test to select country name as India
[main] INFO  com.flightbooking.automation.Pages.FlightBookingPage  - Verify the user selects India
[main] INFO  com.flightbooking.automation.utils.Log4jUtils  - PASS:  Actual Result :: India ==  Expected Result :: India
[main] INFO  com.flightbooking.automation.Pages.OneWayTripPage  - Check if One Way rout is selected by default, If yes move on to the next step
[main] INFO  com.flightbooking.automation.Pages.OneWayTripPage  - One way is selected by default
[main] INFO  com.flightbooking.automation.Pages.FlightBookingPage  - Select departure city as Madurai
[main] INFO  com.flightbooking.automation.Pages.FlightBookingPage  - Select arrival city as Tirupati
[main] INFO  com.flightbooking.automation.Pages.FlightBookingPage  - Select a date on depart calender as 21
[main] INFO  com.flightbooking.automation.Pages.FlightBookingPage  - Verify the depart date is selected as 21
[main] INFO  com.flightbooking.automation.utils.Log4jUtils  - PASS:  Actual Result :: 21 ==  Expected Result :: 21
[main] INFO  com.flightbooking.automation.Pages.FlightBookingPage  - Select adult passenger count as 2
[main] INFO  com.flightbooking.automation.Pages.FlightBookingPage  - Verify the adult passenger count is selected as 2 Adult
[main] INFO  com.flightbooking.automation.utils.Log4jUtils  - PASS:  Actual Result :: 2 Adult ==  Expected Result :: 2 Adult
[main] INFO  com.flightbooking.automation.Pages.FlightBookingPage  - Select child passenger count as 1
[main] INFO  com.flightbooking.automation.Pages.FlightBookingPage  - Verify the child passenger count is selected as 1 Child
[main] INFO  com.flightbooking.automation.utils.Log4jUtils  - PASS:  Actual Result :: 1 Child ==  Expected Result :: 1 Child
[main] INFO  com.flightbooking.automation.Pages.FlightBookingPage  - Select infant passenger count as 2
[main] INFO  com.flightbooking.automation.Pages.FlightBookingPage  - Verify the infant passenger count is selected as 2 Infant
[main] INFO  com.flightbooking.automation.utils.Log4jUtils  - PASS:  Actual Result :: 2 Infant ==  Expected Result :: 2 Infant
[main] INFO  com.flightbooking.automation.Pages.FlightBookingPage  - Click on the done button
[main] INFO  com.flightbooking.automation.Pages.FlightBookingPage  - Verify clicking on done should close the dropdown 
[main] INFO  com.flightbooking.automation.Pages.FlightBookingPage  - Verify clicking on done should close the dropdown 
[main] INFO  com.flightbooking.automation.Pages.FlightBookingPage  - Select currency as AED
[main] INFO  com.flightbooking.automation.Pages.FlightBookingPage  - Test to select country name as India
[main] INFO  com.flightbooking.automation.Pages.FlightBookingPage  - Verify the user selects India
[main] INFO  com.flightbooking.automation.utils.Log4jUtils  - PASS:  Actual Result :: India ==  Expected Result :: India
[main] INFO  com.flightbooking.automation.Pages.OneWayTripPage  - Check if One Way rout is selected by default, If yes move on to the next step
[main] INFO  com.flightbooking.automation.Pages.OneWayTripPage  - One way is selected by default
[main] INFO  com.flightbooking.automation.Pages.FlightBookingPage  - Select departure city as Madurai
[main] INFO  com.flightbooking.automation.Pages.FlightBookingPage  - Select arrival city as Tirupati
[main] INFO  com.flightbooking.automation.Pages.FlightBookingPage  - Select a date on depart calender as 21
[main] INFO  com.flightbooking.automation.Pages.FlightBookingPage  - Verify the depart date is selected as 21
[main] INFO  com.flightbooking.automation.utils.Log4jUtils  - PASS:  Actual Result :: 21 ==  Expected Result :: 21
[main] INFO  com.flightbooking.automation.Pages.FlightBookingPage  - Select adult passenger count as 2
[main] INFO  com.flightbooking.automation.Pages.FlightBookingPage  - Verify the adult passenger count is selected as 2 Adult
[main] INFO  com.flightbooking.automation.utils.Log4jUtils  - PASS:  Actual Result :: 2 Adult ==  Expected Result :: 2 Adult
[main] INFO  com.flightbooking.automation.Pages.FlightBookingPage  - Select child passenger count as 1
[main] INFO  com.flightbooking.automation.Pages.FlightBookingPage  - Verify the child passenger count is selected as 1 Child
[main] INFO  com.flightbooking.automation.utils.Log4jUtils  - PASS:  Actual Result :: 1 Child ==  Expected Result :: 1 Child
[main] INFO  com.flightbooking.automation.Pages.FlightBookingPage  - Select infant passenger count as 2
[main] INFO  com.flightbooking.automation.Pages.FlightBookingPage  - Verify the infant passenger count is selected as 2 Infant
[main] INFO  com.flightbooking.automation.utils.Log4jUtils  - PASS:  Actual Result :: 2 Infant ==  Expected Result :: 2 Infant
[main] INFO  com.flightbooking.automation.Pages.FlightBookingPage  - Click on the done button
[main] INFO  com.flightbooking.automation.Pages.FlightBookingPage  - Verify clicking on done should close the dropdown 
[main] INFO  com.flightbooking.automation.Pages.FlightBookingPage  - Verify clicking on done should close the dropdown 
[main] INFO  com.flightbooking.automation.Pages.FlightBookingPage  - Select currency as AED
[main] INFO  com.flightbooking.automation.Pages.FlightBookingPage  - Test to select country name as India
[main] INFO  com.flightbooking.automation.Pages.FlightBookingPage  - Verify the user selects India
[main] INFO  com.flightbooking.automation.utils.Log4jUtils  - PASS:  Actual Result :: India ==  Expected Result :: India
[main] INFO  com.flightbooking.automation.Pages.OneWayTripPage  - Check if One Way rout is selected by default, If yes move on to the next step
[main] INFO  com.flightbooking.automation.Pages.OneWayTripPage  - One way is selected by default
[main] INFO  com.flightbooking.automation.Pages.FlightBookingPage  - Select departure city as Madurai
[main] INFO  com.flightbooking.automation.Pages.FlightBookingPage  - Select arrival city as Tirupati
[main] INFO  com.flightbooking.automation.Pages.FlightBookingPage  - Select a date on depart calender as 21
[main] INFO  com.flightbooking.automation.Pages.FlightBookingPage  - Verify the depart date is selected as 21
[main] INFO  com.flightbooking.automation.utils.Log4jUtils  - PASS:  Actual Result :: 21 ==  Expected Result :: 21
[main] INFO  com.flightbooking.automation.Pages.FlightBookingPage  - Select adult passenger count as 2
[main] INFO  com.flightbooking.automation.Pages.FlightBookingPage  - Verify the adult passenger count is selected as 2 Adult
[main] INFO  com.flightbooking.automation.utils.Log4jUtils  - PASS:  Actual Result :: 2 Adult ==  Expected Result :: 2 Adult
[main] INFO  com.flightbooking.automation.Pages.FlightBookingPage  - Select child passenger count as 1
[main] INFO  com.flightbooking.automation.Pages.FlightBookingPage  - Verify the child passenger count is selected as 1 Child
[main] INFO  com.flightbooking.automation.utils.Log4jUtils  - PASS:  Actual Result :: 1 Child ==  Expected Result :: 1 Child
[main] INFO  com.flightbooking.automation.Pages.FlightBookingPage  - Select infant passenger count as 2
[main] INFO  com.flightbooking.automation.Pages.FlightBookingPage  - Verify the infant passenger count is selected as 2 Infant
[main] INFO  com.flightbooking.automation.utils.Log4jUtils  - PASS:  Actual Result :: 2 Infant ==  Expected Result :: 2 Infant
[main] INFO  com.flightbooking.automation.Pages.FlightBookingPage  - Click on the done button
[main] INFO  com.flightbooking.automation.Pages.FlightBookingPage  - Verify clicking on done should close the dropdown 
[main] INFO  com.flightbooking.automation.Pages.FlightBookingPage  - Verify clicking on done should close the dropdown 
[main] INFO  com.flightbooking.automation.Pages.FlightBookingPage  - Select currency as AED
[main] INFO  com.flightbooking.automation.Pages.FlightBookingPage  - Test to select country name as India
[main] INFO  com.flightbooking.automation.Pages.FlightBookingPage  - Verify the user selects India
[main] INFO  com.flightbooking.automation.utils.Log4jUtils  - PASS:  Actual Result :: India ==  Expected Result :: India
[main] INFO  com.flightbooking.automation.Pages.OneWayTripPage  - Check if One Way rout is selected by default, If yes move on to the next step
[main] INFO  com.flightbooking.automation.Pages.OneWayTripPage  - One way is selected by default
[main] INFO  com.flightbooking.automation.Pages.FlightBookingPage  - Select departure city as Madurai
[main] INFO  com.flightbooking.automation.Pages.FlightBookingPage  - Select arrival city as Tirupati
[main] INFO  com.flightbooking.automation.Pages.FlightBookingPage  - Select a date on depart calender as 21
[main] INFO  com.flightbooking.automation.Pages.FlightBookingPage  - Verify the depart date is selected as 21
[main] INFO  com.flightbooking.automation.utils.Log4jUtils  - PASS:  Actual Result :: 21 ==  Expected Result :: 21
[main] INFO  com.flightbooking.automation.Pages.FlightBookingPage  - Select adult passenger count as 2
[main] INFO  com.flightbooking.automation.Pages.FlightBookingPage  - Verify the adult passenger count is selected as 2 Adult
[main] INFO  com.flightbooking.automation.utils.Log4jUtils  - PASS:  Actual Result :: 2 Adult ==  Expected Result :: 2 Adult
[main] INFO  com.flightbooking.automation.Pages.FlightBookingPage  - Select child passenger count as 1
[main] INFO  com.flightbooking.automation.Pages.FlightBookingPage  - Verify the child passenger count is selected as 1 Child
[main] INFO  com.flightbooking.automation.utils.Log4jUtils  - PASS:  Actual Result :: 1 Child ==  Expected Result :: 1 Child
[main] INFO  com.flightbooking.automation.Pages.FlightBookingPage  - Select infant passenger count as 2
[main] INFO  com.flightbooking.automation.Pages.FlightBookingPage  - Verify the infant passenger count is selected as 2 Infant
[main] INFO  com.flightbooking.automation.utils.Log4jUtils  - PASS:  Actual Result :: 2 Infant ==  Expected Result :: 2 Infant
[main] INFO  com.flightbooking.automation.Pages.FlightBookingPage  - Click on the done button
[main] INFO  com.flightbooking.automation.Pages.FlightBookingPage  - Verify clicking on done should close the dropdown 
[main] INFO  com.flightbooking.automation.Pages.FlightBookingPage  - Verify clicking on done should close the dropdown 
[main] INFO  com.flightbooking.automation.Pages.FlightBookingPage  - Select currency as AED
[main] INFO  com.flightbooking.automation.Pages.FlightBookingPage  - Test to select country name as India
[main] INFO  com.flightbooking.automation.Pages.FlightBookingPage  - Verify the user selects India
[main] INFO  com.flightbooking.automation.utils.Log4jUtils  - PASS:  Actual Result :: India ==  Expected Result :: India
[main] INFO  com.flightbooking.automation.Pages.OneWayTripPage  - Check if One Way rout is selected by default, If yes move on to the next step
[main] INFO  com.flightbooking.automation.Pages.OneWayTripPage  - One way is selected by default
[main] INFO  com.flightbooking.automation.Pages.FlightBookingPage  - Select departure city as Madurai
[main] INFO  com.flightbooking.automation.Pages.FlightBookingPage  - Select arrival city as Tirupati
[main] INFO  com.flightbooking.automation.Pages.FlightBookingPage  - Select a date on depart calender as 21
[main] INFO  com.flightbooking.automation.Pages.FlightBookingPage  - Verify the depart date is selected as 21
[main] INFO  com.flightbooking.automation.utils.Log4jUtils  - PASS:  Actual Result :: 21 ==  Expected Result :: 21
[main] INFO  com.flightbooking.automation.Pages.FlightBookingPage  - Select adult passenger count as 2
[main] INFO  com.flightbooking.automation.Pages.FlightBookingPage  - Verify the adult passenger count is selected as 2 Adult
[main] INFO  com.flightbooking.automation.utils.Log4jUtils  - PASS:  Actual Result :: 2 Adult ==  Expected Result :: 2 Adult
[main] INFO  com.flightbooking.automation.Pages.FlightBookingPage  - Select child passenger count as 1
[main] INFO  com.flightbooking.automation.Pages.FlightBookingPage  - Verify the child passenger count is selected as 1 Child
[main] INFO  com.flightbooking.automation.utils.Log4jUtils  - PASS:  Actual Result :: 1 Child ==  Expected Result :: 1 Child
[main] INFO  com.flightbooking.automation.Pages.FlightBookingPage  - Select infant passenger count as 2
[main] INFO  com.flightbooking.automation.Pages.FlightBookingPage  - Verify the infant passenger count is selected as 2 Infant
[main] INFO  com.flightbooking.automation.utils.Log4jUtils  - PASS:  Actual Result :: 2 Infant ==  Expected Result :: 2 Infant
[main] INFO  com.flightbooking.automation.Pages.FlightBookingPage  - Click on the done button
[main] INFO  com.flightbooking.automation.Pages.FlightBookingPage  - Verify clicking on done should close the dropdown 
[main] INFO  com.flightbooking.automation.Pages.FlightBookingPage  - Verify clicking on done should close the dropdown 
[main] INFO  com.flightbooking.automation.Pages.FlightBookingPage  - Select currency as AED
